<?xml version="1.0" encoding="UTF-8"?>
<!-- Generated by org.testng.reporters.JUnitReportReporter -->
<testsuite hostname="DESKTOP-RVJSG1I" failures="0" tests="7" name="testcase.master_testcase" time="204.429" errors="0" timestamp="2020-07-10T14:40:38 IST" skipped="0">
  <testcase classname="testcase.master_testcase" name="explore_Web_Development_Page_Test" time="41.920"/>
  <system-out/>
  <testcase classname="testcase.master_testcase" name="filterAccessTest" time="59.696"/>
  <system-out/>
  <testcase classname="testcase.master_testcase" name="enterprisePAGE_Test" time="16.341"/>
  <system-out/>
  <testcase classname="testcase.master_testcase" name="campusPAGE_Test" time="21.173"/>
  <system-out/>
  <testcase classname="testcase.master_testcase" name="formFillTest" time="37.424"/>
  <system-out/>
  <testcase classname="testcase.master_testcase" name="languageLearningPAGE_Test" time="13.476"/>
  <system-out/>
  <testcase classname="testcase.master_testcase" name="totalCountTset" time="14.399"/>
  <system-out/>
</testsuite> <!-- testcase.master_testcase -->
