<?xml version="1.0" encoding="UTF-8"?>
<!-- Generated by org.testng.reporters.JUnitReportReporter -->
<testsuite hostname="DESKTOP-RVJSG1I" failures="0" tests="2" name="testcase.testcase1" time="171.834" errors="0" timestamp="2020-07-10T11:55:22 IST" skipped="0">
  <testcase classname="testcase.testcase1" name="explore_Web_Development_Page_Test" time="48.506"/>
  <system-out/>
  <testcase classname="testcase.testcase1" name="filterAccessTest" time="123.328"/>
  <system-out/>
</testsuite> <!-- testcase.testcase1 -->
