<?xml version="1.0" encoding="UTF-8"?>
<!-- Generated by org.testng.reporters.JUnitReportReporter -->
<testsuite hostname="DESKTOP-RVJSG1I" failures="0" tests="3" name="testcase.testcase2" time="88.217" errors="0" timestamp="2020-07-10T11:55:22 IST" skipped="0">
  <testcase classname="testcase.testcase2" name="enterprisePAGE_Test" time="22.526"/>
  <system-out/>
  <testcase classname="testcase.testcase2" name="campusPAGE_Test" time="24.931"/>
  <system-out/>
  <testcase classname="testcase.testcase2" name="formFillTest" time="40.760"/>
  <system-out/>
</testsuite> <!-- testcase.testcase2 -->
