<?xml version="1.0" encoding="UTF-8"?>
<!-- Generated by org.testng.reporters.JUnitReportReporter -->
<testsuite hostname="DESKTOP-RVJSG1I" failures="0" tests="5" name="testcase.testcase3" time="90.890" errors="0" timestamp="2020-07-10T11:55:22 IST" skipped="0">
  <testcase classname="testcase.testcase3" name="driverconfig" time="29.724"/>
  <system-out/>
  <testcase classname="testcase.testcase3" name="Explore" time="36.423"/>
  <system-out/>
  <testcase classname="testcase.testcase3" name="count" time="23.081"/>
  <system-out/>
  <testcase classname="testcase.testcase3" name="screenshot" time="1.017"/>
  <system-out/>
  <testcase classname="testcase.testcase3" name="driverexit" time="0.645"/>
  <system-out/>
</testsuite> <!-- testcase.testcase3 -->
